<?xml version="1.0" encoding="UTF-8"?>
<!-- Generated by org.testng.reporters.JUnitXMLReporter -->
<testsuite ignored="0" hostname="CSMBHUL815" failures="0" tests="19" name="Default test" time="186.333" errors="0" timestamp="2022-12-29T16:14:12 IST">
  <testcase classname="com.Khanij.WeighbridgeRegistration.Alphanumeric" name="loginPageOpen" time="135.779"/>
  <testcase classname="com.Khanij.WeighbridgeRegistration.Alphanumeric" name="WBNameTextFieldAlphanumericCheck" time="3.937"/>
  <testcase classname="com.Khanij.WeighbridgeRegistration.Alphanumeric" name="SPNameTextFieldAlphanumericCheck" time="2.576"/>
  <testcase classname="com.Khanij.WeighbridgeRegistration.Alphanumeric" name="SPCNOTextFieldAlphanumericCheck" time="2.596"/>
  <testcase classname="com.Khanij.WeighbridgeRegistration.Alphanumeric" name="CapacityNameTextFieldAlphanumericCheck" time="2.591"/>
  <testcase classname="com.Khanij.WeighbridgeRegistration.Alphanumeric" name="AreaOfLandTextFieldAlphanumericCheck" time="2.558"/>
  <testcase classname="com.Khanij.WeighbridgeRegistration.Alphanumeric" name="WBModelBaudRateTextFieldAlphanumericCheck" time="2.578"/>
  <testcase classname="com.Khanij.WeighbridgeRegistration.Alphanumeric" name="WBDataBitTextFieldAlphanumericCheck" time="2.57"/>
  <testcase classname="com.Khanij.WeighbridgeRegistration.Alphanumeric" name="WBStopBitTextFieldAlphanumericCheck" time="2.553"/>
  <testcase classname="com.Khanij.WeighbridgeRegistration.Alphanumeric" name="WBParityTextFieldAlphanumericCheck" time="2.552"/>
  <testcase classname="com.Khanij.WeighbridgeRegistration.Alphanumeric" name="WBStringReadFromHyperterminalTextFieldAlphanumericCheck" time="2.548"/>
  <testcase classname="com.Khanij.WeighbridgeRegistration.Alphanumeric" name="WBPoint1LatitudeTextFieldAlphanumericCheck" time="2.561"/>
  <testcase classname="com.Khanij.WeighbridgeRegistration.Alphanumeric" name="WBPoint1LongitudeTextFieldAlphanumericCheck" time="2.536"/>
  <testcase classname="com.Khanij.WeighbridgeRegistration.Alphanumeric" name="WBPoint2LatitudeTextFieldAlphanumericCheck" time="2.568"/>
  <testcase classname="com.Khanij.WeighbridgeRegistration.Alphanumeric" name="WBPoint2LongitudeTextFieldAlphanumericCheck" time="2.556"/>
  <testcase classname="com.Khanij.WeighbridgeRegistration.Alphanumeric" name="WBPoint3LatitudeTextFieldAlphanumericCheck" time="2.559"/>
  <testcase classname="com.Khanij.WeighbridgeRegistration.Alphanumeric" name="WBPoint3LongitudeTextFieldAlphanumericCheck" time="2.555"/>
  <testcase classname="com.Khanij.WeighbridgeRegistration.Alphanumeric" name="WBPoint4LatitudeTextFieldAlphanumericCheck" time="2.533"/>
  <testcase classname="com.Khanij.WeighbridgeRegistration.Alphanumeric" name="WBPoint4LongitudeTextFieldAlphanumericCheck" time="2.524"/>
</testsuite> <!-- Default test -->
